{"C:\\dnmp\\dumi2-demo\\src\\Button\\index.tsx": {"path":"C:\\dnmp\\dumi2-demo\\src\\Button\\index.tsx","statementMap":{"0":{"start":{"line":1,"column":0},"end":{"line":1,"column":36}},"1":{"start":{"line":2,"column":0},"end":{"line":2,"column":28}},"2":{"start":{"line":12,"column":38},"end":{"line":23,"column":1}},"3":{"start":{"line":13,"column":50},"end":{"line":13,"column":55}},"4":{"start":{"line":14,"column":2},"end":{"line":22,"column":4}},"5":{"start":{"line":25,"column":0},"end":{"line":25,"column":28}}},"fnMap":{"0":{"name":"(anonymous_6)","decl":{"start":{"line":12,"column":38},"end":{"line":12,"column":39}},"loc":{"start":{"line":12,"column":48},"end":{"line":23,"column":1}}}},"branchMap":{"0":{"loc":{"start":{"line":13,"column":10},"end":{"line":13,"column":26}},"type":"default-arg","locations":[{"start":{"line":13,"column":17},"end":{"line":13,"column":26}}]},"1":{"loc":{"start":{"line":17,"column":29},"end":{"line":17,"column":59}},"type":"cond-expr","locations":[{"start":{"line":17,"column":36},"end":{"line":17,"column":54}},{"start":{"line":17,"column":57},"end":{"line":17,"column":59}}]}},"s":{"0":0,"1":0,"2":0,"3":0,"4":0,"5":0},"f":{"0":0},"b":{"0":[0],"1":[0,0]}}
,"C:\\dnmp\\dumi2-demo\\src\\PrimaryButton\\index.tsx": {"path":"C:\\dnmp\\dumi2-demo\\src\\PrimaryButton\\index.tsx","statementMap":{"0":{"start":{"line":1,"column":0},"end":{"line":1,"column":36}},"1":{"start":{"line":2,"column":0},"end":{"line":2,"column":43}},"2":{"start":{"line":6,"column":53},"end":{"line":15,"column":1}},"3":{"start":{"line":8,"column":32},"end":{"line":8,"column":37}},"4":{"start":{"line":8,"column":27},"end":{"line":8,"column":32}},"5":{"start":{"line":10,"column":2},"end":{"line":14,"column":4}},"6":{"start":{"line":17,"column":0},"end":{"line":17,"column":35}}},"fnMap":{"0":{"name":"(anonymous_7)","decl":{"start":{"line":6,"column":53},"end":{"line":6,"column":54}},"loc":{"start":{"line":6,"column":63},"end":{"line":15,"column":1}}}},"branchMap":{},"s":{"0":1,"1":1,"2":1,"3":2,"4":2,"5":2,"6":1},"f":{"0":2},"b":{}}
,"C:\\dnmp\\dumi2-demo\\src\\formatTime\\index.ts": {"path":"C:\\dnmp\\dumi2-demo\\src\\formatTime\\index.ts","statementMap":{"0":{"start":{"line":10,"column":15},"end":{"line":10,"column":34}},"1":{"start":{"line":11,"column":15},"end":{"line":11,"column":33}},"2":{"start":{"line":12,"column":16},"end":{"line":12,"column":55}},"3":{"start":{"line":13,"column":14},"end":{"line":13,"column":46}},"4":{"start":{"line":14,"column":16},"end":{"line":14,"column":49}},"5":{"start":{"line":15,"column":18},"end":{"line":15,"column":53}},"6":{"start":{"line":16,"column":18},"end":{"line":16,"column":53}},"7":{"start":{"line":17,"column":41},"end":{"line":24,"column":4}},"8":{"start":{"line":25,"column":2},"end":{"line":25,"column":75}},"9":{"start":{"line":25,"column":61},"end":{"line":25,"column":73}},"10":{"start":{"line":28,"column":0},"end":{"line":28,"column":26}}},"fnMap":{"0":{"name":"formatTime","decl":{"start":{"line":9,"column":9},"end":{"line":9,"column":19}},"loc":{"start":{"line":9,"column":67},"end":{"line":26,"column":1}}},"1":{"name":"(anonymous_1)","decl":{"start":{"line":25,"column":48},"end":{"line":25,"column":49}},"loc":{"start":{"line":25,"column":61},"end":{"line":25,"column":73}}}},"branchMap":{"0":{"loc":{"start":{"line":9,"column":39},"end":{"line":9,"column":67}},"type":"default-arg","locations":[{"start":{"line":9,"column":46},"end":{"line":9,"column":67}}]}},"s":{"0":0,"1":0,"2":0,"3":0,"4":0,"5":0,"6":0,"7":0,"8":0,"9":0,"10":0},"f":{"0":0,"1":0},"b":{"0":[0]}}
}
