TN:
SF:src\Button\index.tsx
FN:12,(anonymous_6)
FNF:1
FNH:0
FNDA:0,(anonymous_6)
DA:1,0
DA:2,0
DA:12,0
DA:13,0
DA:14,0
DA:25,0
LF:6
LH:0
BRDA:13,0,0,0
BRDA:17,1,0,0
BRDA:17,1,1,0
BRF:3
BRH:0
end_of_record
TN:
SF:src\PrimaryButton\index.tsx
FN:6,(anonymous_7)
FNF:1
FNH:1
FNDA:2,(anonymous_7)
DA:1,1
DA:2,1
DA:6,1
DA:8,2
DA:10,2
DA:17,1
LF:6
LH:6
BRF:0
BRH:0
end_of_record
TN:
SF:src\formatTime\index.ts
FN:9,formatTime
FN:25,(anonymous_1)
FNF:2
FNH:0
FNDA:0,formatTime
FNDA:0,(anonymous_1)
DA:10,0
DA:11,0
DA:12,0
DA:13,0
DA:14,0
DA:15,0
DA:16,0
DA:17,0
DA:25,0
DA:28,0
LF:10
LH:0
BRDA:9,0,0,0
BRF:1
BRH:0
end_of_record
